2021-01-27 08:04:27 | [INFO]    | Discordia 2.8.4
2021-01-27 08:04:27 | [INFO]    | Connecting to Discord...
2021-01-27 08:04:28 | [INFO]    | Authenticated as DevBot#5494
2021-01-27 08:04:28 | [INFO]    | Launching shard 0 (1 out of 1)...
2021-01-27 08:04:28 | [INFO]    | Shard 0 : Connected to wss://gateway.discord.gg
2021-01-27 08:04:28 | [INFO]    | Shard 0 : Received HELLO
2021-01-27 08:04:29 | [INFO]    | Shard 0 : Received READY
2021-01-27 08:05:26 | [INFO]    | Discordia 2.8.4
2021-01-27 08:05:26 | [INFO]    | Connecting to Discord...
2021-01-27 08:05:26 | [INFO]    | Authenticated as DevBot#5494
2021-01-27 08:05:26 | [INFO]    | Launching shard 0 (1 out of 1)...
2021-01-27 08:05:26 | [INFO]    | Shard 0 : Connected to wss://gateway.discord.gg
2021-01-27 08:05:26 | [INFO]    | Shard 0 : Received HELLO
2021-01-27 08:05:26 | [INFO]    | Shard 0 : Received READY
2021-01-27 08:05:55 | [INFO]    | Discordia 2.8.4
2021-01-27 08:05:55 | [INFO]    | Connecting to Discord...
2021-01-27 08:05:55 | [INFO]    | Authenticated as DevBot#5494
2021-01-27 08:05:55 | [INFO]    | Launching shard 0 (1 out of 1)...
2021-01-27 08:05:56 | [INFO]    | Shard 0 : Connected to wss://gateway.discord.gg
2021-01-27 08:05:56 | [INFO]    | Shard 0 : Received HELLO
2021-01-27 08:05:56 | [INFO]    | Shard 0 : Received READY
2021-01-27 08:06:57 | [INFO]    | Discordia 2.8.4
2021-01-27 08:06:57 | [INFO]    | Connecting to Discord...
2021-01-27 08:06:58 | [INFO]    | Authenticated as DevBot#5494
2021-01-27 08:06:58 | [INFO]    | Launching shard 0 (1 out of 1)...
2021-01-27 08:06:58 | [INFO]    | Shard 0 : Connected to wss://gateway.discord.gg
2021-01-27 08:06:58 | [INFO]    | Shard 0 : Received HELLO
2021-01-27 08:06:58 | [INFO]    | Shard 0 : Received READY
2021-01-27 08:07:25 | [INFO]    | Discordia 2.8.4
2021-01-27 08:07:25 | [INFO]    | Connecting to Discord...
2021-01-27 08:07:26 | [INFO]    | Authenticated as DevBot#5494
2021-01-27 08:07:26 | [INFO]    | Launching shard 0 (1 out of 1)...
2021-01-27 08:07:26 | [INFO]    | Shard 0 : Connected to wss://gateway.discord.gg
2021-01-27 08:07:26 | [INFO]    | Shard 0 : Received HELLO
2021-01-27 08:07:27 | [INFO]    | Shard 0 : Received READY
2021-01-27 08:10:04 | [INFO]    | Discordia 2.8.4
2021-01-27 08:10:04 | [INFO]    | Connecting to Discord...
2021-01-27 08:10:04 | [INFO]    | Authenticated as DevBot#5494
2021-01-27 08:10:04 | [INFO]    | Launching shard 0 (1 out of 1)...
2021-01-27 08:10:05 | [INFO]    | Shard 0 : Connected to wss://gateway.discord.gg
2021-01-27 08:10:05 | [INFO]    | Shard 0 : Received HELLO
2021-01-27 08:10:05 | [INFO]    | Shard 0 : Received READY
2021-01-27 08:11:47 | [INFO]    | Discordia 2.8.4
2021-01-27 08:11:47 | [INFO]    | Connecting to Discord...
2021-01-27 08:11:48 | [INFO]    | Authenticated as DevBot#5494
2021-01-27 08:11:48 | [INFO]    | Launching shard 0 (1 out of 1)...
2021-01-27 08:11:48 | [INFO]    | Shard 0 : Connected to wss://gateway.discord.gg
2021-01-27 08:11:48 | [INFO]    | Shard 0 : Received HELLO
2021-01-27 08:11:48 | [INFO]    | Shard 0 : Received READY
2021-01-27 08:12:25 | [INFO]    | Discordia 2.8.4
2021-01-27 08:12:25 | [INFO]    | Connecting to Discord...
2021-01-27 08:12:25 | [INFO]    | Authenticated as DevBot#5494
2021-01-27 08:12:25 | [INFO]    | Launching shard 0 (1 out of 1)...
2021-01-27 08:12:26 | [INFO]    | Shard 0 : Connected to wss://gateway.discord.gg
2021-01-27 08:12:26 | [INFO]    | Shard 0 : Received HELLO
2021-01-27 08:12:26 | [INFO]    | Shard 0 : Received READY
2021-01-27 08:13:24 | [INFO]    | Discordia 2.8.4
2021-01-27 08:13:24 | [INFO]    | Connecting to Discord...
2021-01-27 08:13:25 | [INFO]    | Authenticated as DevBot#5494
2021-01-27 08:13:25 | [INFO]    | Launching shard 0 (1 out of 1)...
2021-01-27 08:13:25 | [INFO]    | Shard 0 : Connected to wss://gateway.discord.gg
2021-01-27 08:13:25 | [INFO]    | Shard 0 : Received HELLO
2021-01-27 08:13:25 | [INFO]    | Shard 0 : Received READY
2021-01-27 08:14:08 | [INFO]    | Discordia 2.8.4
2021-01-27 08:14:08 | [INFO]    | Connecting to Discord...
2021-01-27 08:14:08 | [INFO]    | Authenticated as DevBot#5494
2021-01-27 08:14:08 | [INFO]    | Launching shard 0 (1 out of 1)...
2021-01-27 08:14:09 | [INFO]    | Shard 0 : Connected to wss://gateway.discord.gg
2021-01-27 08:14:09 | [INFO]    | Shard 0 : Received HELLO
2021-01-27 08:14:09 | [INFO]    | Shard 0 : Received READY
2021-01-27 08:14:38 | [INFO]    | Discordia 2.8.4
2021-01-27 08:14:38 | [INFO]    | Connecting to Discord...
2021-01-27 08:14:39 | [INFO]    | Authenticated as DevBot#5494
2021-01-27 08:14:39 | [INFO]    | Launching shard 0 (1 out of 1)...
2021-01-27 08:14:39 | [INFO]    | Shard 0 : Connected to wss://gateway.discord.gg
2021-01-27 08:14:39 | [INFO]    | Shard 0 : Received HELLO
2021-01-27 08:14:40 | [INFO]    | Shard 0 : Received READY
2021-01-27 08:14:52 | [INFO]    | Discordia 2.8.4
2021-01-27 08:14:52 | [INFO]    | Connecting to Discord...
2021-01-27 08:14:54 | [INFO]    | Authenticated as DevBot#5494
2021-01-27 08:14:54 | [INFO]    | Launching shard 0 (1 out of 1)...
2021-01-27 08:14:54 | [INFO]    | Shard 0 : Connected to wss://gateway.discord.gg
2021-01-27 08:14:54 | [INFO]    | Shard 0 : Received HELLO
2021-01-27 08:14:54 | [INFO]    | Shard 0 : Received READY
2021-01-27 08:16:41 | [INFO]    | Discordia 2.8.4
2021-01-27 08:16:41 | [INFO]    | Connecting to Discord...
2021-01-27 08:16:42 | [INFO]    | Authenticated as DevBot#5494
2021-01-27 08:16:42 | [INFO]    | Launching shard 0 (1 out of 1)...
2021-01-27 08:16:42 | [INFO]    | Shard 0 : Connected to wss://gateway.discord.gg
2021-01-27 08:16:42 | [INFO]    | Shard 0 : Received HELLO
2021-01-27 08:16:42 | [INFO]    | Shard 0 : Received READY
2021-01-27 08:34:40 | [INFO]    | Discordia 2.8.4
2021-01-27 08:34:40 | [INFO]    | Connecting to Discord...
2021-01-27 08:34:40 | [INFO]    | Authenticated as DevBot#5494
2021-01-27 08:34:40 | [INFO]    | Launching shard 0 (1 out of 1)...
2021-01-27 08:34:41 | [INFO]    | Shard 0 : Connected to wss://gateway.discord.gg
2021-01-27 08:34:41 | [INFO]    | Shard 0 : Received HELLO
2021-01-27 08:34:41 | [INFO]    | Shard 0 : Received READY
